This file contains any messages produced by compilers while
running configure, to aid debugging if configure makes a mistake.

It was created by openocd configure 0.11.0, which was
generated by GNU Autoconf 2.69.  Invocation command line was

  $ ./configure --enable-ftdi --enable-sysfsgpio --enable-bcm2835gpio

## --------- ##
## Platform. ##
## --------- ##

hostname = om-VirtualBox
uname -m = x86_64
uname -r = 5.4.0-135-generic
uname -s = Linux
uname -v = #152-Ubuntu SMP Wed Nov 23 20:19:22 UTC 2022

/usr/bin/uname -p = unknown
/bin/uname -X     = unknown

/bin/arch              = unknown
/usr/bin/arch -k       = unknown
/usr/convex/getsysinfo = unknown
/usr/bin/hostinfo      = unknown
/bin/machine           = unknown
/usr/bin/oslevel       = unknown
/bin/universe          = unknown

PATH: /home/om/.local/bin
PATH: /usr/local/sbin
PATH: /usr/local/bin
PATH: /usr/sbin
PATH: /usr/bin
PATH: /sbin
PATH: /bin
PATH: /usr/games
PATH: /usr/local/games
PATH: /snap/bin


## ----------- ##
## Core tests. ##
## ----------- ##

configure:2671: checking for makeinfo
configure:2687: found /usr/bin/makeinfo
configure:2698: result: makeinfo
configure:2731: checking for a BSD-compatible install
configure:2799: result: /usr/bin/install -c
configure:2810: checking whether build environment is sane
configure:2865: result: yes
configure:3014: checking for a thread-safe mkdir -p
configure:3053: result: /bin/mkdir -p
configure:3060: checking for gawk
configure:3076: found /usr/bin/gawk
configure:3087: result: gawk
configure:3098: checking whether make sets $(MAKE)
configure:3120: result: yes
configure:3149: checking whether make supports nested variables
configure:3166: result: yes
configure:3351: checking for gcc
configure:3367: found /usr/bin/gcc
configure:3378: result: gcc
configure:3607: checking for C compiler version
configure:3616: gcc --version >&5
gcc (Ubuntu 9.4.0-1ubuntu1~20.04.1) 9.4.0
Copyright (C) 2019 Free Software Foundation, Inc.
This is free software; see the source for copying conditions.  There is NO
warranty; not even for MERCHANTABILITY or FITNESS FOR A PARTICULAR PURPOSE.

configure:3627: $? = 0
configure:3616: gcc -v >&5
Using built-in specs.
COLLECT_GCC=gcc
COLLECT_LTO_WRAPPER=/usr/lib/gcc/x86_64-linux-gnu/9/lto-wrapper
OFFLOAD_TARGET_NAMES=nvptx-none:hsa
OFFLOAD_TARGET_DEFAULT=1
Target: x86_64-linux-gnu
Configured with: ../src/configure -v --with-pkgversion='Ubuntu 9.4.0-1ubuntu1~20.04.1' --with-bugurl=file:///usr/share/doc/gcc-9/README.Bugs --enable-languages=c,ada,c++,go,brig,d,fortran,objc,obj-c++,gm2 --prefix=/usr --with-gcc-major-version-only --program-suffix=-9 --program-prefix=x86_64-linux-gnu- --enable-shared --enable-linker-build-id --libexecdir=/usr/lib --without-included-gettext --enable-threads=posix --libdir=/usr/lib --enable-nls --enable-clocale=gnu --enable-libstdcxx-debug --enable-libstdcxx-time=yes --with-default-libstdcxx-abi=new --enable-gnu-unique-object --disable-vtable-verify --enable-plugin --enable-default-pie --with-system-zlib --with-target-system-zlib=auto --enable-objc-gc=auto --enable-multiarch --disable-werror --with-arch-32=i686 --with-abi=m64 --with-multilib-list=m32,m64,mx32 --enable-multilib --with-tune=generic --enable-offload-targets=nvptx-none=/build/gcc-9-Av3uEd/gcc-9-9.4.0/debian/tmp-nvptx/usr,hsa --without-cuda-driver --enable-checking=release --build=x86_64-linux-gnu --host=x86_64-linux-gnu --target=x86_64-linux-gnu
Thread model: posix
gcc version 9.4.0 (Ubuntu 9.4.0-1ubuntu1~20.04.1) 
configure:3627: $? = 0
configure:3616: gcc -V >&5
gcc: error: unrecognized command line option '-V'
gcc: fatal error: no input files
compilation terminated.
configure:3627: $? = 1
configure:3616: gcc -qversion >&5
gcc: error: unrecognized command line option '-qversion'; did you mean '--version'?
gcc: fatal error: no input files
compilation terminated.
configure:3627: $? = 1
configure:3647: checking whether the C compiler works
configure:3669: gcc    conftest.c  >&5
configure:3673: $? = 0
configure:3721: result: yes
configure:3724: checking for C compiler default output file name
configure:3726: result: a.out
configure:3732: checking for suffix of executables
configure:3739: gcc -o conftest    conftest.c  >&5
configure:3743: $? = 0
configure:3765: result: 
configure:3787: checking whether we are cross compiling
configure:3795: gcc -o conftest    conftest.c  >&5
configure:3799: $? = 0
configure:3806: ./conftest
configure:3810: $? = 0
configure:3798: result: no
configure:3803: checking for suffix of object files
configure:3825: gcc -c   conftest.c >&5
configure:3829: $? = 0
configure:3850: result: o
configure:3854: checking whether we are using the GNU C compiler
configure:3873: gcc -c   conftest.c >&5
configure:3873: $? = 0
configure:3882: result: yes
configure:3891: checking whether gcc accepts -g
configure:3911: gcc -c -g  conftest.c >&5
configure:3911: $? = 0
configure:3952: result: yes
configure:3969: checking for gcc option to accept ISO C89
configure:4032: gcc  -c -g -O2  conftest.c >&5
configure:4032: $? = 0
configure:4045: result: none needed
configure:4070: checking whether gcc understands -c and -o together
configure:4092: gcc -c conftest.c -o conftest2.o
configure:4095: $? = 0
configure:4092: gcc -c conftest.c -o conftest2.o
configure:4095: $? = 0
configure:4107: result: yes
configure:4127: checking whether make supports the include directive
configure:4142: make -f confmf.GNU && cat confinc.out
this is the am__doit target
configure:4145: $? = 0
configure:4164: result: yes (GNU style)
configure:4189: checking dependency style of gcc
configure:4300: result: gcc3
configure:4316: checking for gcc option to accept ISO C99
configure:4465: gcc  -c -g -O2  conftest.c >&5
configure:4465: $? = 0
configure:4478: result: none needed
configure:4537: checking for ranlib
configure:4553: found /usr/bin/ranlib
configure:4564: result: ranlib
configure:4640: checking for pkg-config
configure:4658: found /usr/bin/pkg-config
configure:4670: result: /usr/bin/pkg-config
configure:4695: checking pkg-config is at least version 0.23
configure:4698: result: yes
configure:4770: checking build system type
configure:4784: result: x86_64-pc-linux-gnu
configure:4804: checking host system type
configure:4817: result: x86_64-pc-linux-gnu
configure:4858: checking how to print strings
configure:4885: result: printf
configure:4906: checking for a sed that does not truncate output
configure:4970: result: /bin/sed
configure:4988: checking for grep that handles long lines and -e
configure:5046: result: /bin/grep
configure:5051: checking for egrep
configure:5113: result: /bin/grep -E
configure:5118: checking for fgrep
configure:5180: result: /bin/grep -F
configure:5215: checking for ld used by gcc
configure:5282: result: /usr/bin/ld
configure:5289: checking if the linker (/usr/bin/ld) is GNU ld
configure:5304: result: yes
configure:5316: checking for BSD- or MS-compatible name lister (nm)
configure:5370: result: /usr/bin/nm -B
configure:5500: checking the name lister (/usr/bin/nm -B) interface
configure:5507: gcc -c -g -O2  conftest.c >&5
configure:5510: /usr/bin/nm -B "conftest.o"
configure:5513: output
0000000000000000 B some_variable
configure:5514: result: BSD nm
configure:5517: checking whether ln -s works
configure:5521: result: yes
configure:5529: checking the maximum length of command line arguments
configure:5660: result: 1572864
configure:5708: checking how to convert x86_64-pc-linux-gnu file names to x86_64-pc-linux-gnu format
configure:5748: result: func_convert_file_noop
configure:5755: checking how to convert x86_64-pc-linux-gnu file names to toolchain format
configure:5775: result: func_convert_file_noop
configure:5782: checking for /usr/bin/ld option to reload object files
configure:5789: result: -r
configure:5863: checking for objdump
configure:5879: found /usr/bin/objdump
configure:5890: result: objdump
configure:5922: checking how to recognize dependent libraries
configure:6122: result: pass_all
configure:6207: checking for dlltool
configure:6237: result: no
configure:6267: checking how to associate runtime and link libraries
configure:6294: result: printf %s\n
configure:6355: checking for ar
configure:6371: found /usr/bin/ar
configure:6382: result: ar
configure:6419: checking for archiver @FILE support
configure:6436: gcc -c -g -O2  conftest.c >&5
configure:6436: $? = 0
configure:6439: ar cr libconftest.a @conftest.lst >&5
configure:6442: $? = 0
configure:6447: ar cr libconftest.a @conftest.lst >&5
ar: conftest.o: No such file or directory
configure:6450: $? = 1
configure:6449: result: @
configure:6507: checking for strip
configure:6523: found /usr/bin/strip
configure:6534: result: strip
configure:6606: checking for ranlib
configure:6633: result: ranlib
configure:6735: checking command to parse /usr/bin/nm -B output from gcc object
configure:6888: gcc -c -g -O2  conftest.c >&5
configure:6891: $? = 0
configure:6895: /usr/bin/nm -B conftest.o | sed -n -e 's/^.*[	 ]\([ABCDGIRSTW][ABCDGIRSTW]*\)[	 ][	 ]*\([_A-Za-z][_A-Za-z0-9]*\)$/\1 \2 \2/p' | sed '/ __gnu_lto/d' > conftest.nm
configure:6961: gcc -o conftest -g -O2   conftest.c conftstm.o >&5
configure:6964: $? = 0
configure:7002: result: ok
configure:7049: checking for sysroot
configure:7079: result: no
configure:7086: checking for a working dd
configure:7124: result: /bin/dd
configure:7128: checking how to truncate binary pipes
configure:7143: result: /bin/dd bs=4096 count=1
configure:7279: gcc -c -g -O2  conftest.c >&5
configure:7282: $? = 0
configure:7472: checking for mt
configure:7488: found /bin/mt
configure:7499: result: mt
configure:7522: checking if mt is a manifest tool
configure:7528: mt '-?'
configure:7536: result: no
configure:8213: checking how to run the C preprocessor
configure:8244: gcc -E  conftest.c
configure:8244: $? = 0
configure:8258: gcc -E  conftest.c
conftest.c:11:10: fatal error: ac_nonexistent.h: No such file or directory
   11 | #include <ac_nonexistent.h>
      |          ^~~~~~~~~~~~~~~~~~
compilation terminated.
configure:8258: $? = 1
configure: failed program was:
| /* confdefs.h */
| #define PACKAGE_NAME "openocd"
| #define PACKAGE_TARNAME "openocd"
| #define PACKAGE_VERSION "0.11.0"
| #define PACKAGE_STRING "openocd 0.11.0"
| #define PACKAGE_BUGREPORT "OpenOCD Mailing List <openocd-devel@lists.sourceforge.net>"
| #define PACKAGE_URL ""
| #define PACKAGE "openocd"
| #define VERSION "0.11.0"
| /* end confdefs.h.  */
| #include <ac_nonexistent.h>
configure:8283: result: gcc -E
configure:8303: gcc -E  conftest.c
configure:8303: $? = 0
configure:8317: gcc -E  conftest.c
conftest.c:11:10: fatal error: ac_nonexistent.h: No such file or directory
   11 | #include <ac_nonexistent.h>
      |          ^~~~~~~~~~~~~~~~~~
compilation terminated.
configure:8317: $? = 1
configure: failed program was:
| /* confdefs.h */
| #define PACKAGE_NAME "openocd"
| #define PACKAGE_TARNAME "openocd"
| #define PACKAGE_VERSION "0.11.0"
| #define PACKAGE_STRING "openocd 0.11.0"
| #define PACKAGE_BUGREPORT "OpenOCD Mailing List <openocd-devel@lists.sourceforge.net>"
| #define PACKAGE_URL ""
| #define PACKAGE "openocd"
| #define VERSION "0.11.0"
| /* end confdefs.h.  */
| #include <ac_nonexistent.h>
configure:8346: checking for ANSI C header files
configure:8366: gcc -c -g -O2  conftest.c >&5
configure:8366: $? = 0
configure:8439: gcc -o conftest -g -O2   conftest.c  >&5
configure:8439: $? = 0
configure:8439: ./conftest
configure:8439: $? = 0
configure:8450: result: yes
configure:8463: checking for sys/types.h
configure:8463: gcc -c -g -O2  conftest.c >&5
configure:8463: $? = 0
configure:8463: result: yes
configure:8463: checking for sys/stat.h
configure:8463: gcc -c -g -O2  conftest.c >&5
configure:8463: $? = 0
configure:8463: result: yes
configure:8463: checking for stdlib.h
configure:8463: gcc -c -g -O2  conftest.c >&5
configure:8463: $? = 0
configure:8463: result: yes
configure:8463: checking for string.h
configure:8463: gcc -c -g -O2  conftest.c >&5
configure:8463: $? = 0
configure:8463: result: yes
configure:8463: checking for memory.h
configure:8463: gcc -c -g -O2  conftest.c >&5
configure:8463: $? = 0
configure:8463: result: yes
configure:8463: checking for strings.h
configure:8463: gcc -c -g -O2  conftest.c >&5
configure:8463: $? = 0
configure:8463: result: yes
configure:8463: checking for inttypes.h
configure:8463: gcc -c -g -O2  conftest.c >&5
configure:8463: $? = 0
configure:8463: result: yes
configure:8463: checking for stdint.h
configure:8463: gcc -c -g -O2  conftest.c >&5
configure:8463: $? = 0
configure:8463: result: yes
configure:8463: checking for unistd.h
configure:8463: gcc -c -g -O2  conftest.c >&5
configure:8463: $? = 0
configure:8463: result: yes
configure:8477: checking for dlfcn.h
configure:8477: gcc -c -g -O2  conftest.c >&5
configure:8477: $? = 0
configure:8477: result: yes
configure:8703: checking for objdir
configure:8718: result: .libs
configure:8978: checking if gcc supports -fno-rtti -fno-exceptions
configure:8996: gcc -c -g -O2  -fno-rtti -fno-exceptions conftest.c >&5
cc1: warning: command line option '-fno-rtti' is valid for C++/D/ObjC++ but not for C
configure:9000: $? = 0
configure:9013: result: no
configure:9377: checking for gcc option to produce PIC
configure:9384: result: -fPIC -DPIC
configure:9392: checking if gcc PIC flag -fPIC -DPIC works
configure:9410: gcc -c -g -O2  -fPIC -DPIC -DPIC conftest.c >&5
configure:9414: $? = 0
configure:9427: result: yes
configure:9456: checking if gcc static flag -static works
configure:9484: result: yes
configure:9499: checking if gcc supports -c -o file.o
configure:9520: gcc -c -g -O2  -o out/conftest2.o conftest.c >&5
configure:9524: $? = 0
configure:9546: result: yes
configure:9554: checking if gcc supports -c -o file.o
configure:9601: result: yes
configure:9634: checking whether the gcc linker (/usr/bin/ld -m elf_x86_64) supports shared libraries
configure:10897: result: yes
configure:11137: checking dynamic linker characteristics
configure:11718: gcc -o conftest -g -O2   -Wl,-rpath -Wl,/foo conftest.c  >&5
configure:11718: $? = 0
configure:11967: result: GNU/Linux ld.so
configure:12089: checking how to hardcode library paths into programs
configure:12114: result: immediate
configure:12662: checking whether stripping libraries is possible
configure:12667: result: yes
configure:12702: checking if libtool supports shared libraries
configure:12704: result: yes
configure:12707: checking whether to build shared libraries
configure:12732: result: no
configure:12735: checking whether to build static libraries
configure:12739: result: yes
configure:9554: checking for an ANSI C-conforming const
configure:9620: gcc -c -g -O2  conftest.c >&5
configure:9620: $? = 0
configure:9627: result: yes
configure:9636: checking for unsigned long long int
configure:9684: result: yes
configure:9694: checking for long long int
configure:9744: result: yes
configure:9753: checking for library containing ioperm
configure:9784: gcc -o conftest -g -O2   conftest.c  >&5
configure:9784: $? = 0
configure:9801: result: none required
configure:9809: checking for library containing dlopen
configure:9840: gcc -o conftest -g -O2   conftest.c  >&5
/usr/bin/ld: /tmp/cc0tusPv.o: in function `main':
/home/om/Desktop/task_rpi_pico/pico/openocd/conftest.c:36: undefined reference to `dlopen'
collect2: error: ld returned 1 exit status
configure:9840: $? = 1
configure: failed program was:
| /* confdefs.h */
| #define PACKAGE_NAME "openocd"
| #define PACKAGE_TARNAME "openocd"
| #define PACKAGE_VERSION "0.11.0"
| #define PACKAGE_STRING "openocd 0.11.0"
| #define PACKAGE_BUGREPORT "OpenOCD Mailing List <openocd-devel@lists.sourceforge.net>"
| #define PACKAGE_URL ""
| #define PACKAGE "openocd"
| #define VERSION "0.11.0"
| #define STDC_HEADERS 1
| #define HAVE_SYS_TYPES_H 1
| #define HAVE_SYS_STAT_H 1
| #define HAVE_STDLIB_H 1
| #define HAVE_STRING_H 1
| #define HAVE_MEMORY_H 1
| #define HAVE_STRINGS_H 1
| #define HAVE_INTTYPES_H 1
| #define HAVE_STDINT_H 1
| #define HAVE_UNISTD_H 1
| #define HAVE_DLFCN_H 1
| #define LT_OBJDIR ".libs/"
| #define HAVE_UNSIGNED_LONG_LONG_INT 1
| #define HAVE_LONG_LONG_INT 1
| /* end confdefs.h.  */
| 
| /* Override any GCC internal prototype to avoid an error.
|    Use char because int might match the return type of a GCC
|    builtin and then its argument prototype would still apply.  */
| #ifdef __cplusplus
| extern "C"
| #endif
| char dlopen ();
| int
| main ()
| {
| return dlopen ();
|   ;
|   return 0;
| }
configure:9840: gcc -o conftest -g -O2   conftest.c -ldl   >&5
configure:9840: $? = 0
configure:9857: result: -ldl
configure:9865: checking for library containing openpty
configure:9896: gcc -o conftest -g -O2   conftest.c -ldl  >&5
/usr/bin/ld: /tmp/ccDjcFui.o: in function `main':
/home/om/Desktop/task_rpi_pico/pico/openocd/conftest.c:36: undefined reference to `openpty'
collect2: error: ld returned 1 exit status
configure:9896: $? = 1
configure: failed program was:
| /* confdefs.h */
| #define PACKAGE_NAME "openocd"
| #define PACKAGE_TARNAME "openocd"
| #define PACKAGE_VERSION "0.11.0"
| #define PACKAGE_STRING "openocd 0.11.0"
| #define PACKAGE_BUGREPORT "OpenOCD Mailing List <openocd-devel@lists.sourceforge.net>"
| #define PACKAGE_URL ""
| #define PACKAGE "openocd"
| #define VERSION "0.11.0"
| #define STDC_HEADERS 1
| #define HAVE_SYS_TYPES_H 1
| #define HAVE_SYS_STAT_H 1
| #define HAVE_STDLIB_H 1
| #define HAVE_STRING_H 1
| #define HAVE_MEMORY_H 1
| #define HAVE_STRINGS_H 1
| #define HAVE_INTTYPES_H 1
| #define HAVE_STDINT_H 1
| #define HAVE_UNISTD_H 1
| #define HAVE_DLFCN_H 1
| #define LT_OBJDIR ".libs/"
| #define HAVE_UNSIGNED_LONG_LONG_INT 1
| #define HAVE_LONG_LONG_INT 1
| /* end confdefs.h.  */
| 
| /* Override any GCC internal prototype to avoid an error.
|    Use char because int might match the return type of a GCC
|    builtin and then its argument prototype would still apply.  */
| #ifdef __cplusplus
| extern "C"
| #endif
| char openpty ();
| int
| main ()
| {
| return openpty ();
|   ;
|   return 0;
| }
configure:9896: gcc -o conftest -g -O2   conftest.c -lutil  -ldl  >&5
configure:9896: $? = 0
configure:9913: result: -lutil
configure:9924: checking sys/socket.h usability
configure:9924: gcc -c -g -O2  conftest.c >&5
configure:9924: $? = 0
configure:9924: result: yes
configure:9924: checking sys/socket.h presence
configure:9924: gcc -E  conftest.c
configure:9924: $? = 0
configure:9924: result: yes
configure:9924: checking for sys/socket.h
configure:9924: result: yes
configure:9936: checking elf.h usability
configure:9936: gcc -c -g -O2  conftest.c >&5
configure:9936: $? = 0
configure:9936: result: yes
configure:9936: checking elf.h presence
configure:9936: gcc -E  conftest.c
configure:9936: $? = 0
configure:9936: result: yes
configure:9936: checking for elf.h
configure:9936: result: yes
configure:9948: checking dirent.h usability
configure:9948: gcc -c -g -O2  conftest.c >&5
configure:9948: $? = 0
configure:9948: result: yes
configure:9948: checking dirent.h presence
configure:9948: gcc -E  conftest.c
configure:9948: $? = 0
configure:9948: result: yes
configure:9948: checking for dirent.h
configure:9948: result: yes
configure:9960: checking fcntl.h usability
configure:9960: gcc -c -g -O2  conftest.c >&5
configure:9960: $? = 0
configure:9960: result: yes
configure:9960: checking fcntl.h presence
configure:9960: gcc -E  conftest.c
configure:9960: $? = 0
configure:9960: result: yes
configure:9960: checking for fcntl.h
configure:9960: result: yes
configure:9972: checking malloc.h usability
configure:9972: gcc -c -g -O2  conftest.c >&5
configure:9972: $? = 0
configure:9972: result: yes
configure:9972: checking malloc.h presence
configure:9972: gcc -E  conftest.c
configure:9972: $? = 0
configure:9972: result: yes
configure:9972: checking for malloc.h
configure:9972: result: yes
configure:9984: checking netdb.h usability
configure:9984: gcc -c -g -O2  conftest.c >&5
configure:9984: $? = 0
configure:9984: result: yes
configure:9984: checking netdb.h presence
configure:9984: gcc -E  conftest.c
configure:9984: $? = 0
configure:9984: result: yes
configure:9984: checking for netdb.h
configure:9984: result: yes
configure:9996: checking poll.h usability
configure:9996: gcc -c -g -O2  conftest.c >&5
configure:9996: $? = 0
configure:9996: result: yes
configure:9996: checking poll.h presence
configure:9996: gcc -E  conftest.c
configure:9996: $? = 0
configure:9996: result: yes
configure:9996: checking for poll.h
configure:9996: result: yes
configure:10008: checking pthread.h usability
configure:10008: gcc -c -g -O2  conftest.c >&5
configure:10008: $? = 0
configure:10008: result: yes
configure:10008: checking pthread.h presence
configure:10008: gcc -E  conftest.c
configure:10008: $? = 0
configure:10008: result: yes
configure:10008: checking for pthread.h
configure:10008: result: yes
configure:10020: checking for strings.h
configure:10020: result: yes
configure:10032: checking sys/ioctl.h usability
configure:10032: gcc -c -g -O2  conftest.c >&5
configure:10032: $? = 0
configure:10032: result: yes
configure:10032: checking sys/ioctl.h presence
configure:10032: gcc -E  conftest.c
configure:10032: $? = 0
configure:10032: result: yes
configure:10032: checking for sys/ioctl.h
configure:10032: result: yes
configure:10044: checking sys/param.h usability
configure:10044: gcc -c -g -O2  conftest.c >&5
configure:10044: $? = 0
configure:10044: result: yes
configure:10044: checking sys/param.h presence
configure:10044: gcc -E  conftest.c
configure:10044: $? = 0
configure:10044: result: yes
configure:10044: checking for sys/param.h
configure:10044: result: yes
configure:10056: checking sys/select.h usability
configure:10056: gcc -c -g -O2  conftest.c >&5
configure:10056: $? = 0
configure:10056: result: yes
configure:10056: checking sys/select.h presence
configure:10056: gcc -E  conftest.c
configure:10056: $? = 0
configure:10056: result: yes
configure:10056: checking for sys/select.h
configure:10056: result: yes
configure:10068: checking for sys/stat.h
configure:10068: result: yes
configure:10080: checking sys/sysctl.h usability
configure:10080: gcc -c -g -O2  conftest.c >&5
In file included from conftest.c:71:
/usr/include/x86_64-linux-gnu/sys/sysctl.h:21:2: warning: #warning "The <sys/sysctl.h> header is deprecated and will be removed." [-Wcpp]
   21 | #warning "The <sys/sysctl.h> header is deprecated and will be removed."
      |  ^~~~~~~
configure:10080: $? = 0
configure:10080: result: yes
configure:10080: checking sys/sysctl.h presence
configure:10080: gcc -E  conftest.c
In file included from conftest.c:38:
/usr/include/x86_64-linux-gnu/sys/sysctl.h:21:2: warning: #warning "The <sys/sysctl.h> header is deprecated and will be removed." [-Wcpp]
   21 | #warning "The <sys/sysctl.h> header is deprecated and will be removed."
      |  ^~~~~~~
configure:10080: $? = 0
configure:10080: result: yes
configure:10080: checking for sys/sysctl.h
configure:10080: result: yes
configure:10092: checking sys/time.h usability
configure:10092: gcc -c -g -O2  conftest.c >&5
configure:10092: $? = 0
configure:10092: result: yes
configure:10092: checking sys/time.h presence
configure:10092: gcc -E  conftest.c
configure:10092: $? = 0
configure:10092: result: yes
configure:10092: checking for sys/time.h
configure:10092: result: yes
configure:10104: checking for sys/types.h
configure:10104: result: yes
configure:10116: checking for unistd.h
configure:10116: result: yes
configure:10129: checking for arpa/inet.h
configure:10129: gcc -c -g -O2  conftest.c >&5
configure:10129: $? = 0
configure:10129: result: yes
configure:10129: checking for ifaddrs.h
configure:10129: gcc -c -g -O2  conftest.c >&5
configure:10129: $? = 0
configure:10129: result: yes
configure:10129: checking for netinet/in.h
configure:10129: gcc -c -g -O2  conftest.c >&5
configure:10129: $? = 0
configure:10129: result: yes
configure:10129: checking for netinet/tcp.h
configure:10129: gcc -c -g -O2  conftest.c >&5
configure:10129: $? = 0
configure:10129: result: yes
configure:10129: checking for net/if.h
configure:10129: gcc -c -g -O2  conftest.c >&5
configure:10129: $? = 0
configure:10129: result: yes
configure:10154: checking whether to enable assertions
configure:10172: result: yes
configure:10175: checking for stdbool.h that conforms to C99
configure:10242: gcc -c -g -O2  conftest.c >&5
configure:10242: $? = 0
configure:10249: result: yes
configure:10251: checking for _Bool
configure:10251: gcc -c -g -O2  conftest.c >&5
configure:10251: $? = 0
configure:10251: gcc -c -g -O2  conftest.c >&5
conftest.c: In function 'main':
conftest.c:83:20: error: expected expression before ')' token
   83 | if (sizeof ((_Bool)))
      |                    ^
configure:10251: $? = 1
configure: failed program was:
| /* confdefs.h */
| #define PACKAGE_NAME "openocd"
| #define PACKAGE_TARNAME "openocd"
| #define PACKAGE_VERSION "0.11.0"
| #define PACKAGE_STRING "openocd 0.11.0"
| #define PACKAGE_BUGREPORT "OpenOCD Mailing List <openocd-devel@lists.sourceforge.net>"
| #define PACKAGE_URL ""
| #define PACKAGE "openocd"
| #define VERSION "0.11.0"
| #define STDC_HEADERS 1
| #define HAVE_SYS_TYPES_H 1
| #define HAVE_SYS_STAT_H 1
| #define HAVE_STDLIB_H 1
| #define HAVE_STRING_H 1
| #define HAVE_MEMORY_H 1
| #define HAVE_STRINGS_H 1
| #define HAVE_INTTYPES_H 1
| #define HAVE_STDINT_H 1
| #define HAVE_UNISTD_H 1
| #define HAVE_DLFCN_H 1
| #define LT_OBJDIR ".libs/"
| #define HAVE_UNSIGNED_LONG_LONG_INT 1
| #define HAVE_LONG_LONG_INT 1
| #define HAVE_SYS_SOCKET_H 1
| #define HAVE_ELF_H 1
| #define HAVE_DIRENT_H 1
| #define HAVE_FCNTL_H 1
| #define HAVE_MALLOC_H 1
| #define HAVE_NETDB_H 1
| #define HAVE_POLL_H 1
| #define HAVE_PTHREAD_H 1
| #define HAVE_STRINGS_H 1
| #define HAVE_SYS_IOCTL_H 1
| #define HAVE_SYS_PARAM_H 1
| #define HAVE_SYS_SELECT_H 1
| #define HAVE_SYS_STAT_H 1
| #define HAVE_SYS_SYSCTL_H 1
| #define HAVE_SYS_TIME_H 1
| #define HAVE_SYS_TYPES_H 1
| #define HAVE_UNISTD_H 1
| #define HAVE_ARPA_INET_H 1
| #define HAVE_IFADDRS_H 1
| #define HAVE_NETINET_IN_H 1
| #define HAVE_NETINET_TCP_H 1
| #define HAVE_NET_IF_H 1
| /* end confdefs.h.  */
| #include <stdio.h>
| #ifdef HAVE_SYS_TYPES_H
| # include <sys/types.h>
| #endif
| #ifdef HAVE_SYS_STAT_H
| # include <sys/stat.h>
| #endif
| #ifdef STDC_HEADERS
| # include <stdlib.h>
| # include <stddef.h>
| #else
| # ifdef HAVE_STDLIB_H
| #  include <stdlib.h>
| # endif
| #endif
| #ifdef HAVE_STRING_H
| # if !defined STDC_HEADERS && defined HAVE_MEMORY_H
| #  include <memory.h>
| # endif
| # include <string.h>
| #endif
| #ifdef HAVE_STRINGS_H
| # include <strings.h>
| #endif
| #ifdef HAVE_INTTYPES_H
| # include <inttypes.h>
| #endif
| #ifdef HAVE_STDINT_H
| # include <stdint.h>
| #endif
| #ifdef HAVE_UNISTD_H
| # include <unistd.h>
| #endif
| int
| main ()
| {
| if (sizeof ((_Bool)))
| 	    return 0;
|   ;
|   return 0;
| }
configure:10251: result: yes
configure:10269: checking whether byte ordering is bigendian
configure:10284: gcc -c -g -O2  conftest.c >&5
conftest.c:50:9: error: unknown type name 'not'
   50 |         not a universal capable compiler
      |         ^~~
conftest.c:50:15: error: expected '=', ',', ';', 'asm' or '__attribute__' before 'universal'
   50 |         not a universal capable compiler
      |               ^~~~~~~~~
conftest.c:50:15: error: unknown type name 'universal'
configure:10284: $? = 1
configure: failed program was:
| /* confdefs.h */
| #define PACKAGE_NAME "openocd"
| #define PACKAGE_TARNAME "openocd"
| #define PACKAGE_VERSION "0.11.0"
| #define PACKAGE_STRING "openocd 0.11.0"
| #define PACKAGE_BUGREPORT "OpenOCD Mailing List <openocd-devel@lists.sourceforge.net>"
| #define PACKAGE_URL ""
| #define PACKAGE "openocd"
| #define VERSION "0.11.0"
| #define STDC_HEADERS 1
| #define HAVE_SYS_TYPES_H 1
| #define HAVE_SYS_STAT_H 1
| #define HAVE_STDLIB_H 1
| #define HAVE_STRING_H 1
| #define HAVE_MEMORY_H 1
| #define HAVE_STRINGS_H 1
| #define HAVE_INTTYPES_H 1
| #define HAVE_STDINT_H 1
| #define HAVE_UNISTD_H 1
| #define HAVE_DLFCN_H 1
| #define LT_OBJDIR ".libs/"
| #define HAVE_UNSIGNED_LONG_LONG_INT 1
| #define HAVE_LONG_LONG_INT 1
| #define HAVE_SYS_SOCKET_H 1
| #define HAVE_ELF_H 1
| #define HAVE_DIRENT_H 1
| #define HAVE_FCNTL_H 1
| #define HAVE_MALLOC_H 1
| #define HAVE_NETDB_H 1
| #define HAVE_POLL_H 1
| #define HAVE_PTHREAD_H 1
| #define HAVE_STRINGS_H 1
| #define HAVE_SYS_IOCTL_H 1
| #define HAVE_SYS_PARAM_H 1
| #define HAVE_SYS_SELECT_H 1
| #define HAVE_SYS_STAT_H 1
| #define HAVE_SYS_SYSCTL_H 1
| #define HAVE_SYS_TIME_H 1
| #define HAVE_SYS_TYPES_H 1
| #define HAVE_UNISTD_H 1
| #define HAVE_ARPA_INET_H 1
| #define HAVE_IFADDRS_H 1
| #define HAVE_NETINET_IN_H 1
| #define HAVE_NETINET_TCP_H 1
| #define HAVE_NET_IF_H 1
| #define HAVE__BOOL 1
| #define HAVE_STDBOOL_H 1
| /* end confdefs.h.  */
| #ifndef __APPLE_CC__
| 	       not a universal capable compiler
| 	     #endif
| 	     typedef int dummy;
| 
configure:10329: gcc -c -g -O2  conftest.c >&5
configure:10329: $? = 0
configure:10347: gcc -c -g -O2  conftest.c >&5
conftest.c: In function 'main':
conftest.c:56:4: error: unknown type name 'not'; did you mean 'ino_t'?
   56 |    not big endian
      |    ^~~
      |    ino_t
conftest.c:56:12: error: expected '=', ',', ';', 'asm' or '__attribute__' before 'endian'
   56 |    not big endian
      |            ^~~~~~
configure:10347: $? = 1
configure: failed program was:
| /* confdefs.h */
| #define PACKAGE_NAME "openocd"
| #define PACKAGE_TARNAME "openocd"
| #define PACKAGE_VERSION "0.11.0"
| #define PACKAGE_STRING "openocd 0.11.0"
| #define PACKAGE_BUGREPORT "OpenOCD Mailing List <openocd-devel@lists.sourceforge.net>"
| #define PACKAGE_URL ""
| #define PACKAGE "openocd"
| #define VERSION "0.11.0"
| #define STDC_HEADERS 1
| #define HAVE_SYS_TYPES_H 1
| #define HAVE_SYS_STAT_H 1
| #define HAVE_STDLIB_H 1
| #define HAVE_STRING_H 1
| #define HAVE_MEMORY_H 1
| #define HAVE_STRINGS_H 1
| #define HAVE_INTTYPES_H 1
| #define HAVE_STDINT_H 1
| #define HAVE_UNISTD_H 1
| #define HAVE_DLFCN_H 1
| #define LT_OBJDIR ".libs/"
| #define HAVE_UNSIGNED_LONG_LONG_INT 1
| #define HAVE_LONG_LONG_INT 1
| #define HAVE_SYS_SOCKET_H 1
| #define HAVE_ELF_H 1
| #define HAVE_DIRENT_H 1
| #define HAVE_FCNTL_H 1
| #define HAVE_MALLOC_H 1
| #define HAVE_NETDB_H 1
| #define HAVE_POLL_H 1
| #define HAVE_PTHREAD_H 1
| #define HAVE_STRINGS_H 1
| #define HAVE_SYS_IOCTL_H 1
| #define HAVE_SYS_PARAM_H 1
| #define HAVE_SYS_SELECT_H 1
| #define HAVE_SYS_STAT_H 1
| #define HAVE_SYS_SYSCTL_H 1
| #define HAVE_SYS_TIME_H 1
| #define HAVE_SYS_TYPES_H 1
| #define HAVE_UNISTD_H 1
| #define HAVE_ARPA_INET_H 1
| #define HAVE_IFADDRS_H 1
| #define HAVE_NETINET_IN_H 1
| #define HAVE_NETINET_TCP_H 1
| #define HAVE_NET_IF_H 1
| #define HAVE__BOOL 1
| #define HAVE_STDBOOL_H 1
| /* end confdefs.h.  */
| #include <sys/types.h>
| 		#include <sys/param.h>
| 
| int
| main ()
| {
| #if BYTE_ORDER != BIG_ENDIAN
| 		 not big endian
| 		#endif
| 
|   ;
|   return 0;
| }
configure:10475: result: no
configure:10496: checking for strndup
configure:10496: gcc -o conftest -g -O2   conftest.c -lutil -ldl  >&5
conftest.c:72:6: warning: conflicting types for built-in function 'strndup'; expected 'char *(const char *, long unsigned int)' [-Wbuiltin-declaration-mismatch]
   72 | char strndup ();
      |      ^~~~~~~
configure:10496: $? = 0
configure:10496: result: yes
configure:10507: checking for strnlen
configure:10507: gcc -o conftest -g -O2   conftest.c -lutil -ldl  >&5
conftest.c:73:6: warning: conflicting types for built-in function 'strnlen'; expected 'long unsigned int(const char *, long unsigned int)' [-Wbuiltin-declaration-mismatch]
   73 | char strnlen ();
      |      ^~~~~~~
configure:10507: $? = 0
configure:10507: result: yes
configure:10518: checking for gettimeofday
configure:10518: gcc -o conftest -g -O2   conftest.c -lutil -ldl  >&5
configure:10518: $? = 0
configure:10518: result: yes
configure:10529: checking for usleep
configure:10529: gcc -o conftest -g -O2   conftest.c -lutil -ldl  >&5
configure:10529: $? = 0
configure:10529: result: yes
configure:10540: checking for vasprintf
configure:10540: gcc -o conftest -g -O2   conftest.c -lutil -ldl  >&5
configure:10540: $? = 0
configure:10540: result: yes
configure:10551: checking for realpath
configure:10551: gcc -o conftest -g -O2   conftest.c -lutil -ldl  >&5
configure:10551: $? = 0
configure:10551: result: yes
configure:10562: checking whether to build a release
configure:10573: result: no
configure:10614: checking whether to build Doxygen as HTML
configure:10616: result: yes
configure:10627: checking whether to build Doxygen as PDF
configure:10629: result: no
configure:10681: checking whether to enable verbose USB I/O messages
configure:10683: result: no
configure:10693: checking whether to enable verbose USB communication messages
configure:10695: result: no
configure:10712: checking whether to enable malloc free space logging
configure:10714: result: no
configure:11133: checking whether to enable ZY1000 minidriver
configure:11148: result: no
configure:11159: checking whether to enable dummy minidriver
configure:11177: result: no
configure:11180: checking whether standard drivers can be built
configure:11192: result: yes
configure:11688: checking for LIBUSB1
configure:11695: $PKG_CONFIG --exists --print-errors "libusb-1.0"
configure:11698: $? = 0
configure:11712: $PKG_CONFIG --exists --print-errors "libusb-1.0"
configure:11715: $? = 0
configure:11761: result: yes
configure:11769: $PKG_CONFIG --exists --print-errors "libusb-1.0 >= 1.0.9"
configure:11772: $? = 0
configure:11782: libusb-1.0 header bug workaround: LIBUSB1_CFLAGS changed to "-isystem /usr/include/libusb-1.0"
configure:11785: $PKG_CONFIG --exists --print-errors "libusb-1.0 >= 1.0.16"
configure:11788: $? = 0
configure:11799: checking for LIBUSB0
configure:11806: $PKG_CONFIG --exists --print-errors "libusb"
configure:11809: $? = 0
configure:11823: $PKG_CONFIG --exists --print-errors "libusb"
configure:11826: $? = 0
configure:11864: result: yes
configure:11886: checking for CAPSTONE
configure:11893: $PKG_CONFIG --exists --print-errors "capstone"
Package capstone was not found in the pkg-config search path.
Perhaps you should add the directory containing `capstone.pc'
to the PKG_CONFIG_PATH environment variable
No package 'capstone' found
configure:11896: $? = 1
configure:11910: $PKG_CONFIG --exists --print-errors "capstone"
Package capstone was not found in the pkg-config search path.
Perhaps you should add the directory containing `capstone.pc'
to the PKG_CONFIG_PATH environment variable
No package 'capstone' found
configure:11913: $? = 1
configure:11927: result: no
No package 'capstone' found
configure:11981: checking for HIDAPI
configure:11988: $PKG_CONFIG --exists --print-errors "$hidapi_lib"
Package hidapi was not found in the pkg-config search path.
Perhaps you should add the directory containing `hidapi.pc'
to the PKG_CONFIG_PATH environment variable
No package 'hidapi' found
configure:11991: $? = 1
configure:12005: $PKG_CONFIG --exists --print-errors "$hidapi_lib"
Package hidapi was not found in the pkg-config search path.
Perhaps you should add the directory containing `hidapi.pc'
to the PKG_CONFIG_PATH environment variable
No package 'hidapi' found
configure:12008: $? = 1
configure:12022: result: no
No package 'hidapi' found
configure:11981: checking for HIDAPI
configure:11988: $PKG_CONFIG --exists --print-errors "$hidapi_lib"
Package hidapi-hidraw was not found in the pkg-config search path.
Perhaps you should add the directory containing `hidapi-hidraw.pc'
to the PKG_CONFIG_PATH environment variable
No package 'hidapi-hidraw' found
configure:11991: $? = 1
configure:12005: $PKG_CONFIG --exists --print-errors "$hidapi_lib"
Package hidapi-hidraw was not found in the pkg-config search path.
Perhaps you should add the directory containing `hidapi-hidraw.pc'
to the PKG_CONFIG_PATH environment variable
No package 'hidapi-hidraw' found
configure:12008: $? = 1
configure:12022: result: no
No package 'hidapi-hidraw' found
configure:11981: checking for HIDAPI
configure:11988: $PKG_CONFIG --exists --print-errors "$hidapi_lib"
Package hidapi-libusb was not found in the pkg-config search path.
Perhaps you should add the directory containing `hidapi-libusb.pc'
to the PKG_CONFIG_PATH environment variable
No package 'hidapi-libusb' found
configure:11991: $? = 1
configure:12005: $PKG_CONFIG --exists --print-errors "$hidapi_lib"
Package hidapi-libusb was not found in the pkg-config search path.
Perhaps you should add the directory containing `hidapi-libusb.pc'
to the PKG_CONFIG_PATH environment variable
No package 'hidapi-libusb' found
configure:12008: $? = 1
configure:12022: result: no
No package 'hidapi-libusb' found
configure:12061: checking for LIBFTDI
configure:12068: $PKG_CONFIG --exists --print-errors "libftdi1"
Package libftdi1 was not found in the pkg-config search path.
Perhaps you should add the directory containing `libftdi1.pc'
to the PKG_CONFIG_PATH environment variable
No package 'libftdi1' found
configure:12071: $? = 1
configure:12085: $PKG_CONFIG --exists --print-errors "libftdi1"
Package libftdi1 was not found in the pkg-config search path.
Perhaps you should add the directory containing `libftdi1.pc'
to the PKG_CONFIG_PATH environment variable
No package 'libftdi1' found
configure:12088: $? = 1
configure:12102: result: no
No package 'libftdi1' found
configure:12121: checking for LIBFTDI
configure:12128: $PKG_CONFIG --exists --print-errors "libftdi"
configure:12131: $? = 0
configure:12145: $PKG_CONFIG --exists --print-errors "libftdi"
configure:12148: $? = 0
configure:12186: result: yes
configure:12289: checking for LIBGPIOD
configure:12296: $PKG_CONFIG --exists --print-errors "libgpiod"
Package libgpiod was not found in the pkg-config search path.
Perhaps you should add the directory containing `libgpiod.pc'
to the PKG_CONFIG_PATH environment variable
No package 'libgpiod' found
configure:12299: $? = 1
configure:12313: $PKG_CONFIG --exists --print-errors "libgpiod"
Package libgpiod was not found in the pkg-config search path.
Perhaps you should add the directory containing `libgpiod.pc'
to the PKG_CONFIG_PATH environment variable
No package 'libgpiod' found
configure:12316: $? = 1
configure:12330: result: no
No package 'libgpiod' found
configure:12361: checking for LIBJAYLINK
configure:12368: $PKG_CONFIG --exists --print-errors "libjaylink >= 0.2"
Package libjaylink was not found in the pkg-config search path.
Perhaps you should add the directory containing `libjaylink.pc'
to the PKG_CONFIG_PATH environment variable
No package 'libjaylink' found
configure:12371: $? = 1
configure:12385: $PKG_CONFIG --exists --print-errors "libjaylink >= 0.2"
Package libjaylink was not found in the pkg-config search path.
Perhaps you should add the directory containing `libjaylink.pc'
to the PKG_CONFIG_PATH environment variable
No package 'libjaylink' found
configure:12388: $? = 1
configure:12402: result: no
No package 'libjaylink' found
configure:13825: checking for environ in unistd.h and stdlib.h
configure:13843: gcc -c -g -O2  conftest.c >&5
configure:13843: $? = 0
configure:13845: result: yes
configure:14035: checking that generated files are newer than configure
configure:14041: result: done
configure:14337: creating ./config.status

## ---------------------- ##
## Running config.status. ##
## ---------------------- ##

This file was extended by openocd config.status 0.11.0, which was
generated by GNU Autoconf 2.69.  Invocation command line was

  CONFIG_FILES    = 
  CONFIG_HEADERS  = 
  CONFIG_LINKS    = 
  CONFIG_COMMANDS = 
  $ ./config.status 

on om-VirtualBox

config.status:1315: creating Makefile
config.status:1315: creating config.h
config.status:1496: config.h is unchanged
config.status:1544: executing depfiles commands
config.status:1621: cd .       && sed -e '/# am--include-marker/d' Makefile         | make -f - am--depfiles
make: Nothing to be done for 'am--depfiles'.
config.status:1626: $? = 0
config.status:1544: executing libtool commands
configure:16546: === configuring in jimtcl (/home/om/Desktop/task_rpi_pico/pico/openocd/jimtcl)
configure:16609: running /bin/bash ./configure.gnu --disable-option-checking '--prefix=/usr/local'  '--enable-ftdi' '--enable-sysfsgpio' '--enable-bcm2835gpio' --cache-file=/dev/null --srcdir=.
configure:16546: === configuring in src/jtag/drivers/libjaylink (/home/om/Desktop/task_rpi_pico/pico/openocd/src/jtag/drivers/libjaylink)
configure:16609: running /bin/bash ./configure.gnu --disable-option-checking '--prefix=/usr/local'  '--enable-ftdi' '--enable-sysfsgpio' '--enable-bcm2835gpio' --cache-file=/dev/null --srcdir=.

## ---------------- ##
## Cache variables. ##
## ---------------- ##

ac_cv_build=x86_64-pc-linux-gnu
ac_cv_c_bigendian=no
ac_cv_c_compiler_gnu=yes
ac_cv_c_const=yes
ac_cv_env_CAPSTONE_CFLAGS_set=
ac_cv_env_CAPSTONE_CFLAGS_value=
ac_cv_env_CAPSTONE_LIBS_set=
ac_cv_env_CAPSTONE_LIBS_value=
ac_cv_env_CC_set=
ac_cv_env_CC_value=
ac_cv_env_CFLAGS_set=
ac_cv_env_CFLAGS_value=
ac_cv_env_CPPFLAGS_set=
ac_cv_env_CPPFLAGS_value=
ac_cv_env_CPP_set=
ac_cv_env_CPP_value=
ac_cv_env_HIDAPI_CFLAGS_set=
ac_cv_env_HIDAPI_CFLAGS_value=
ac_cv_env_HIDAPI_LIBS_set=
ac_cv_env_HIDAPI_LIBS_value=
ac_cv_env_LDFLAGS_set=
ac_cv_env_LDFLAGS_value=
ac_cv_env_LIBFTDI_CFLAGS_set=
ac_cv_env_LIBFTDI_CFLAGS_value=
ac_cv_env_LIBFTDI_LIBS_set=
ac_cv_env_LIBFTDI_LIBS_value=
ac_cv_env_LIBGPIOD_CFLAGS_set=
ac_cv_env_LIBGPIOD_CFLAGS_value=
ac_cv_env_LIBGPIOD_LIBS_set=
ac_cv_env_LIBGPIOD_LIBS_value=
ac_cv_env_LIBJAYLINK_CFLAGS_set=
ac_cv_env_LIBJAYLINK_CFLAGS_value=
ac_cv_env_LIBJAYLINK_LIBS_set=
ac_cv_env_LIBJAYLINK_LIBS_value=
ac_cv_env_LIBS_set=
ac_cv_env_LIBS_value=
ac_cv_env_LIBUSB0_CFLAGS_set=
ac_cv_env_LIBUSB0_CFLAGS_value=
ac_cv_env_LIBUSB0_LIBS_set=
ac_cv_env_LIBUSB0_LIBS_value=
ac_cv_env_LIBUSB1_CFLAGS_set=
ac_cv_env_LIBUSB1_CFLAGS_value=
ac_cv_env_LIBUSB1_LIBS_set=
ac_cv_env_LIBUSB1_LIBS_value=
ac_cv_env_LT_SYS_LIBRARY_PATH_set=
ac_cv_env_LT_SYS_LIBRARY_PATH_value=
ac_cv_env_PKG_CONFIG_LIBDIR_set=
ac_cv_env_PKG_CONFIG_LIBDIR_value=
ac_cv_env_PKG_CONFIG_PATH_set=
ac_cv_env_PKG_CONFIG_PATH_value=
ac_cv_env_PKG_CONFIG_set=
ac_cv_env_PKG_CONFIG_value=
ac_cv_env_build_alias_set=
ac_cv_env_build_alias_value=
ac_cv_env_host_alias_set=
ac_cv_env_host_alias_value=
ac_cv_env_target_alias_set=
ac_cv_env_target_alias_value=
ac_cv_func_gettimeofday=yes
ac_cv_func_realpath=yes
ac_cv_func_strndup=yes
ac_cv_func_strnlen=yes
ac_cv_func_usleep=yes
ac_cv_func_vasprintf=yes
ac_cv_header_arpa_inet_h=yes
ac_cv_header_dirent_h=yes
ac_cv_header_dlfcn_h=yes
ac_cv_header_elf_h=yes
ac_cv_header_fcntl_h=yes
ac_cv_header_ifaddrs_h=yes
ac_cv_header_inttypes_h=yes
ac_cv_header_malloc_h=yes
ac_cv_header_memory_h=yes
ac_cv_header_net_if_h=yes
ac_cv_header_netdb_h=yes
ac_cv_header_netinet_in_h=yes
ac_cv_header_netinet_tcp_h=yes
ac_cv_header_poll_h=yes
ac_cv_header_pthread_h=yes
ac_cv_header_stdbool_h=yes
ac_cv_header_stdc=yes
ac_cv_header_stdint_h=yes
ac_cv_header_stdlib_h=yes
ac_cv_header_string_h=yes
ac_cv_header_strings_h=yes
ac_cv_header_sys_ioctl_h=yes
ac_cv_header_sys_param_h=yes
ac_cv_header_sys_select_h=yes
ac_cv_header_sys_socket_h=yes
ac_cv_header_sys_stat_h=yes
ac_cv_header_sys_sysctl_h=yes
ac_cv_header_sys_time_h=yes
ac_cv_header_sys_types_h=yes
ac_cv_header_unistd_h=yes
ac_cv_host=x86_64-pc-linux-gnu
ac_cv_objext=o
ac_cv_path_EGREP='/bin/grep -E'
ac_cv_path_FGREP='/bin/grep -F'
ac_cv_path_GREP=/bin/grep
ac_cv_path_SED=/bin/sed
ac_cv_path_ac_pt_PKG_CONFIG=/usr/bin/pkg-config
ac_cv_path_install='/usr/bin/install -c'
ac_cv_path_lt_DD=/bin/dd
ac_cv_path_mkdir=/bin/mkdir
ac_cv_prog_AWK=gawk
ac_cv_prog_CPP='gcc -E'
ac_cv_prog_MAKEINFO=makeinfo
ac_cv_prog_ac_ct_AR=ar
ac_cv_prog_ac_ct_CC=gcc
ac_cv_prog_ac_ct_MANIFEST_TOOL=mt
ac_cv_prog_ac_ct_OBJDUMP=objdump
ac_cv_prog_ac_ct_RANLIB=ranlib
ac_cv_prog_ac_ct_STRIP=strip
ac_cv_prog_cc_c89=
ac_cv_prog_cc_c99=
ac_cv_prog_cc_g=yes
ac_cv_prog_make_make_set=yes
ac_cv_search_dlopen=-ldl
ac_cv_search_ioperm='none required'
ac_cv_search_openpty=-lutil
ac_cv_type__Bool=yes
ac_cv_type_long_long_int=yes
ac_cv_type_unsigned_long_long_int=yes
am_cv_CC_dependencies_compiler_type=gcc3
am_cv_make_support_nested_variables=yes
am_cv_prog_cc_c_o=yes
lt_cv_ar_at_file=@
lt_cv_deplibs_check_method=pass_all
lt_cv_file_magic_cmd='$MAGIC_CMD'
lt_cv_file_magic_test_file=
lt_cv_ld_reload_flag=-r
lt_cv_nm_interface='BSD nm'
lt_cv_objdir=.libs
lt_cv_path_LD=/usr/bin/ld
lt_cv_path_NM='/usr/bin/nm -B'
lt_cv_path_mainfest_tool=no
lt_cv_prog_compiler_c_o=yes
lt_cv_prog_compiler_pic='-fPIC -DPIC'
lt_cv_prog_compiler_pic_works=yes
lt_cv_prog_compiler_rtti_exceptions=no
lt_cv_prog_compiler_static_works=yes
lt_cv_prog_gnu_ld=yes
lt_cv_sharedlib_from_linklib_cmd='printf %s\n'
lt_cv_shlibpath_overrides_runpath=yes
lt_cv_sys_global_symbol_pipe='sed -n -e '\''s/^.*[	 ]\([ABCDGIRSTW][ABCDGIRSTW]*\)[	 ][	 ]*\([_A-Za-z][_A-Za-z0-9]*\)$/\1 \2 \2/p'\'' | sed '\''/ __gnu_lto/d'\'''
lt_cv_sys_global_symbol_to_c_name_address='sed -n -e '\''s/^: \(.*\) .*$/  {"\1", (void *) 0},/p'\'' -e '\''s/^[ABCDGIRSTW][ABCDGIRSTW]* .* \(.*\)$/  {"\1", (void *) \&\1},/p'\'''
lt_cv_sys_global_symbol_to_c_name_address_lib_prefix='sed -n -e '\''s/^: \(.*\) .*$/  {"\1", (void *) 0},/p'\'' -e '\''s/^[ABCDGIRSTW][ABCDGIRSTW]* .* \(lib.*\)$/  {"\1", (void *) \&\1},/p'\'' -e '\''s/^[ABCDGIRSTW][ABCDGIRSTW]* .* \(.*\)$/  {"lib\1", (void *) \&\1},/p'\'''
lt_cv_sys_global_symbol_to_cdecl='sed -n -e '\''s/^T .* \(.*\)$/extern int \1();/p'\'' -e '\''s/^[ABCDGIRSTW][ABCDGIRSTW]* .* \(.*\)$/extern char \1;/p'\'''
lt_cv_sys_global_symbol_to_import=
lt_cv_sys_max_cmd_len=1572864
lt_cv_to_host_file_cmd=func_convert_file_noop
lt_cv_to_tool_file_cmd=func_convert_file_noop
lt_cv_truncate_bin='/bin/dd bs=4096 count=1'
pkg_cv_LIBFTDI_CFLAGS=
pkg_cv_LIBFTDI_LIBS=-lftdi
pkg_cv_LIBUSB0_CFLAGS=
pkg_cv_LIBUSB0_LIBS=-lusb
pkg_cv_LIBUSB1_CFLAGS=-I/usr/include/libusb-1.0
pkg_cv_LIBUSB1_LIBS=-lusb-1.0

## ----------------- ##
## Output variables. ##
## ----------------- ##

ACLOCAL='${SHELL} /home/om/Desktop/task_rpi_pico/pico/openocd/missing aclocal-1.16'
AICE_FALSE='#'
AICE_TRUE=''
AMDEPBACKSLASH='\'
AMDEP_FALSE='#'
AMDEP_TRUE=''
AMTAR='$${TAR-tar}'
AMTJTAGACCEL_FALSE=''
AMTJTAGACCEL_TRUE='#'
AM_BACKSLASH='\'
AM_DEFAULT_V='$(AM_DEFAULT_VERBOSITY)'
AM_DEFAULT_VERBOSITY='1'
AM_V='$(V)'
AR='ar'
ARMJTAGEW_FALSE='#'
ARMJTAGEW_TRUE=''
AT91RM9200_FALSE=''
AT91RM9200_TRUE='#'
AUTOCONF='${SHELL} /home/om/Desktop/task_rpi_pico/pico/openocd/missing autoconf'
AUTOHEADER='${SHELL} /home/om/Desktop/task_rpi_pico/pico/openocd/missing autoheader'
AUTOMAKE='${SHELL} /home/om/Desktop/task_rpi_pico/pico/openocd/missing automake-1.16'
AWK='gawk'
BCM2835GPIO_FALSE=''
BCM2835GPIO_TRUE='#'
BITBANG_FALSE='#'
BITBANG_TRUE=''
BITQ_FALSE='#'
BITQ_TRUE=''
BUSPIRATE_FALSE=''
BUSPIRATE_TRUE='#'
CAPSTONE_CFLAGS=''
CAPSTONE_LIBS=''
CC='gcc'
CCDEPMODE='depmode=gcc3'
CFLAGS='-g -O2'
CMSIS_DAP_HID_FALSE=''
CMSIS_DAP_HID_TRUE='#'
CMSIS_DAP_USB_FALSE='#'
CMSIS_DAP_USB_TRUE=''
CPP='gcc -E'
CPPFLAGS=''
CYGPATH_W='echo'
DEFS='-DHAVE_CONFIG_H'
DEPDIR='.deps'
DLLTOOL='false'
DSYMUTIL=''
DUMMY_FALSE=''
DUMMY_TRUE='#'
DUMPBIN=''
ECHO_C=''
ECHO_N='-n'
ECHO_T=''
EGREP='/bin/grep -E'
EP93XX_FALSE=''
EP93XX_TRUE='#'
EXEEXT=''
EXTRA_DIST_NEWS='./NEWS-0.10.0 ./NEWS-0.2.0 ./NEWS-0.3.0 ./NEWS-0.4.0 ./NEWS-0.5.0 ./NEWS-0.6.0 ./NEWS-0.7.0 ./NEWS-0.8.0 ./NEWS-0.9.0'
FGREP='/bin/grep -F'
FT232R_FALSE='#'
FT232R_TRUE=''
FTDI_FALSE='#'
FTDI_TRUE=''
GCC_WARNINGS='-Wall -Wstrict-prototypes -Wformat-security -Wshadow -Wextra -Wno-unused-parameter -Wbad-function-cast -Wcast-align -Wredundant-decls -Wpointer-arith -Werror'
GIVEIO_FALSE=''
GIVEIO_TRUE='#'
GREP='/bin/grep'
GW16012_FALSE=''
GW16012_TRUE='#'
HAVE_CAPSTONE_FALSE=''
HAVE_CAPSTONE_TRUE='#'
HIDAPI_CFLAGS=''
HIDAPI_LIBS=''
HLADAPTER_FALSE='#'
HLADAPTER_ICDI_FALSE='#'
HLADAPTER_ICDI_TRUE=''
HLADAPTER_NULINK_FALSE=''
HLADAPTER_NULINK_TRUE='#'
HLADAPTER_STLINK_FALSE='#'
HLADAPTER_STLINK_TRUE=''
HLADAPTER_TRUE=''
HOST_CPPFLAGS=''
IMX_GPIO_FALSE=''
IMX_GPIO_TRUE='#'
INSTALL_DATA='${INSTALL} -m 644'
INSTALL_PROGRAM='${INSTALL}'
INSTALL_SCRIPT='${INSTALL}'
INSTALL_STRIP_PROGRAM='$(install_sh) -c -s'
INTERNAL_JIMTCL_FALSE='#'
INTERNAL_JIMTCL_TRUE=''
INTERNAL_LIBJAYLINK_FALSE='#'
INTERNAL_LIBJAYLINK_TRUE=''
IOUTIL_FALSE=''
IOUTIL_TRUE='#'
IS_CYGWIN_FALSE=''
IS_CYGWIN_TRUE='#'
IS_DARWIN_FALSE=''
IS_DARWIN_TRUE='#'
IS_MINGW_FALSE=''
IS_MINGW_TRUE='#'
IS_WIN32_FALSE=''
IS_WIN32_TRUE='#'
JLINK_FALSE='#'
JLINK_TRUE=''
JTAG_DPI_FALSE=''
JTAG_DPI_TRUE='#'
JTAG_VPI_FALSE=''
JTAG_VPI_TRUE='#'
KITPROG_FALSE=''
KITPROG_TRUE='#'
LD='/usr/bin/ld -m elf_x86_64'
LDFLAGS=''
LIBFTDI_CFLAGS=''
LIBFTDI_LIBS='-lftdi'
LIBGPIOD_CFLAGS=''
LIBGPIOD_LIBS=''
LIBJAYLINK_CFLAGS=''
LIBJAYLINK_LIBS=''
LIBOBJS=''
LIBS='-lutil -ldl '
LIBTOOL='$(SHELL) $(top_builddir)/libtool'
LIBTOOL_DEPS='./ltmain.sh'
LIBUSB0_CFLAGS=''
LIBUSB0_LIBS='-lusb'
LIBUSB1_CFLAGS='-isystem /usr/include/libusb-1.0'
LIBUSB1_LIBS='-lusb-1.0'
LINUXGPIOD_FALSE=''
LINUXGPIOD_TRUE='#'
LIPO=''
LN_S='ln -s'
LTLIBOBJS=''
LT_SYS_LIBRARY_PATH=''
MAKEINFO='makeinfo'
MANIFEST_TOOL=':'
MINIDRIVER_DUMMY_FALSE=''
MINIDRIVER_DUMMY_TRUE='#'
MINIDRIVER_FALSE=''
MINIDRIVER_TRUE='#'
MKDIR_P='/bin/mkdir -p'
NM='/usr/bin/nm -B'
NMEDIT=''
OBJDUMP='objdump'
OBJEXT='o'
OOCD_TRACE_FALSE=''
OOCD_TRACE_TRUE='#'
OPENDOUS_FALSE='#'
OPENDOUS_TRUE=''
OPENJTAG_FALSE='#'
OPENJTAG_TRUE=''
OSBDM_FALSE='#'
OSBDM_TRUE=''
OTOOL64=''
OTOOL=''
PACKAGE='openocd'
PACKAGE_BUGREPORT='OpenOCD Mailing List <openocd-devel@lists.sourceforge.net>'
PACKAGE_NAME='openocd'
PACKAGE_STRING='openocd 0.11.0'
PACKAGE_TARNAME='openocd'
PACKAGE_URL=''
PACKAGE_VERSION='0.11.0'
PARPORT_FALSE=''
PARPORT_TRUE='#'
PATH_SEPARATOR=':'
PICOPROBE_FALSE='#'
PICOPROBE_TRUE=''
PKG_CONFIG='/usr/bin/pkg-config'
PKG_CONFIG_LIBDIR=''
PKG_CONFIG_PATH=''
PRESTO_FALSE='#'
PRESTO_TRUE=''
RANLIB='ranlib'
RELEASE_FALSE=''
RELEASE_TRUE='#'
REMOTE_BITBANG_FALSE=''
REMOTE_BITBANG_TRUE='#'
RLINK_FALSE='#'
RLINK_TRUE=''
RSHIM_FALSE=''
RSHIM_TRUE='#'
SED='/bin/sed'
SET_MAKE=''
SHELL='/bin/bash'
STRIP='strip'
SYSFSGPIO_FALSE='#'
SYSFSGPIO_TRUE=''
ULINK_FALSE='#'
ULINK_TRUE=''
USBPROG_FALSE='#'
USBPROG_TRUE=''
USB_BLASTER_2_FALSE='#'
USB_BLASTER_2_TRUE=''
USB_BLASTER_DRIVER_FALSE='#'
USB_BLASTER_DRIVER_TRUE=''
USB_BLASTER_FALSE='#'
USB_BLASTER_TRUE=''
USE_HIDAPI_FALSE=''
USE_HIDAPI_TRUE='#'
USE_LIBFTDI_FALSE='#'
USE_LIBFTDI_TRUE=''
USE_LIBGPIOD_FALSE=''
USE_LIBGPIOD_TRUE='#'
USE_LIBJAYLINK_FALSE=''
USE_LIBJAYLINK_TRUE='#'
USE_LIBUSB0_FALSE='#'
USE_LIBUSB0_TRUE=''
USE_LIBUSB1_FALSE='#'
USE_LIBUSB1_TRUE=''
VERSION='0.11.0'
VSLLINK_FALSE='#'
VSLLINK_TRUE=''
XDS110_FALSE='#'
XDS110_TRUE=''
XLNX_PCIE_XVC_FALSE=''
XLNX_PCIE_XVC_TRUE='#'
ZY1000_FALSE=''
ZY1000_MASTER_FALSE=''
ZY1000_MASTER_TRUE='#'
ZY1000_TRUE='#'
ac_ct_AR='ar'
ac_ct_CC='gcc'
ac_ct_DUMPBIN=''
am__EXEEXT_FALSE=''
am__EXEEXT_TRUE='#'
am__fastdepCC_FALSE='#'
am__fastdepCC_TRUE=''
am__include='include'
am__isrc=''
am__leading_dot='.'
am__nodep='_no'
am__quote=''
am__tar='$${TAR-tar} chof - "$$tardir"'
am__untar='$${TAR-tar} xf -'
bindir='${exec_prefix}/bin'
build='x86_64-pc-linux-gnu'
build_alias=''
build_cpu='x86_64'
build_os='linux-gnu'
build_vendor='pc'
datadir='${datarootdir}'
datarootdir='${prefix}/share'
docdir='${datarootdir}/doc/${PACKAGE_TARNAME}'
doxygen_as_html='yes'
doxygen_as_pdf='no'
dvidir='${docdir}'
exec_prefix='${prefix}'
host='x86_64-pc-linux-gnu'
host_alias=''
host_cpu='x86_64'
host_os='linux-gnu'
host_vendor='pc'
htmldir='${docdir}'
includedir='${prefix}/include'
infodir='${datarootdir}/info'
install_sh='${SHELL} /home/om/Desktop/task_rpi_pico/pico/openocd/install-sh'
libdir='${exec_prefix}/lib'
libexecdir='${exec_prefix}/libexec'
localedir='${datarootdir}/locale'
localstatedir='${prefix}/var'
mandir='${datarootdir}/man'
mkdir_p='$(MKDIR_P)'
oldincludedir='/usr/include'
pdfdir='${docdir}'
prefix='/usr/local'
program_transform_name='s,x,x,'
psdir='${docdir}'
runstatedir='${localstatedir}/run'
sbindir='${exec_prefix}/sbin'
sharedstatedir='${prefix}/com'
subdirs=' jimtcl src/jtag/drivers/libjaylink'
sysconfdir='${prefix}/etc'
target_alias=''

## ----------- ##
## confdefs.h. ##
## ----------- ##

/* confdefs.h */
#define PACKAGE_NAME "openocd"
#define PACKAGE_TARNAME "openocd"
#define PACKAGE_VERSION "0.11.0"
#define PACKAGE_STRING "openocd 0.11.0"
#define PACKAGE_BUGREPORT "OpenOCD Mailing List <openocd-devel@lists.sourceforge.net>"
#define PACKAGE_URL ""
#define PACKAGE "openocd"
#define VERSION "0.11.0"
#define STDC_HEADERS 1
#define HAVE_SYS_TYPES_H 1
#define HAVE_SYS_STAT_H 1
#define HAVE_STDLIB_H 1
#define HAVE_STRING_H 1
#define HAVE_MEMORY_H 1
#define HAVE_STRINGS_H 1
#define HAVE_INTTYPES_H 1
#define HAVE_STDINT_H 1
#define HAVE_UNISTD_H 1
#define HAVE_DLFCN_H 1
#define LT_OBJDIR ".libs/"
#define HAVE_UNSIGNED_LONG_LONG_INT 1
#define HAVE_LONG_LONG_INT 1
#define HAVE_SYS_SOCKET_H 1
#define HAVE_ELF_H 1
#define HAVE_DIRENT_H 1
#define HAVE_FCNTL_H 1
#define HAVE_MALLOC_H 1
#define HAVE_NETDB_H 1
#define HAVE_POLL_H 1
#define HAVE_PTHREAD_H 1
#define HAVE_STRINGS_H 1
#define HAVE_SYS_IOCTL_H 1
#define HAVE_SYS_PARAM_H 1
#define HAVE_SYS_SELECT_H 1
#define HAVE_SYS_STAT_H 1
#define HAVE_SYS_SYSCTL_H 1
#define HAVE_SYS_TIME_H 1
#define HAVE_SYS_TYPES_H 1
#define HAVE_UNISTD_H 1
#define HAVE_ARPA_INET_H 1
#define HAVE_IFADDRS_H 1
#define HAVE_NETINET_IN_H 1
#define HAVE_NETINET_TCP_H 1
#define HAVE_NET_IF_H 1
#define HAVE__BOOL 1
#define HAVE_STDBOOL_H 1
#define HAVE_STRNDUP 1
#define HAVE_STRNLEN 1
#define HAVE_GETTIMEOFDAY 1
#define HAVE_USLEEP 1
#define HAVE_VASPRINTF 1
#define HAVE_REALPATH 1
#define IS_CYGWIN 0
#define IS_MINGW 0
#define IS_WIN32 0
#define IS_DARWIN 0
#define BUILD_PARPORT 0
#define BUILD_RSHIM 0
#define BUILD_DUMMY 0
#define BUILD_EP93XX 0
#define BUILD_ZY1000 0
#define BUILD_ZY1000_MASTER 0
#define BUILD_AT91RM9200 0
#define BUILD_BCM2835GPIO 0
#define BUILD_IMX_GPIO 0
#define PARPORT_USE_PPDEV 1
#define PARPORT_USE_GIVEIO 0
#define BUILD_JTAG_VPI 0
#define BUILD_JTAG_DPI 0
#define BUILD_AMTJTAGACCEL 0
#define BUILD_GW16012 0
#define BUILD_OOCD_TRACE 0
#define BUILD_BUSPIRATE 0
#define BUILD_REMOTE_BITBANG 0
#define BUILD_SYSFSGPIO 1
#define BUILD_XLNX_PCIE_XVC 0
#define HAVE_LIBUSB1 1
#define HAVE_LIBUSB_ERROR_NAME 1
#define HAVE_LIBUSB_GET_PORT_NUMBERS 1
#define HAVE_CAPSTONE 0
#define BUILD_FTDI 1
#define BUILD_PICOPROBE 1
#define BUILD_HLADAPTER_STLINK 1
#define BUILD_HLADAPTER_ICDI 1
#define BUILD_ULINK 1
#define BUILD_USB_BLASTER_2 1
#define BUILD_FT232R 1
#define BUILD_VSLLINK 1
#define BUILD_XDS110 1
#define BUILD_CMSIS_DAP_USB 1
#define BUILD_OSBDM 1
#define BUILD_OPENDOUS 1
#define BUILD_AICE 1
#define BUILD_USBPROG 1
#define BUILD_RLINK 1
#define BUILD_ARMJTAGEW 1
#define BUILD_USB_BLASTER 1
#define BUILD_PRESTO 1
#define BUILD_OPENJTAG 1
#define BUILD_JLINK 1
#define BUILD_HLADAPTER 1
#define _GNU_SOURCE 1

configure: exit 0
